<?xml version="1.0" encoding="UTF-8"?>
<!-- Generated by org.testng.reporters.JUnitXMLReporter -->
<testsuite ignored="0" hostname="DESKTOP-P90V53U" failures="0" tests="8" name="Default test" time="56.069" errors="0" timestamp="2024-03-17T18:12:36 PDT">
  <testcase classname="org.tekarchapi.restAssured.pojo.CRUDUsingPOJO" name="logintoTekarchRequest" time="3.912"/>
  <testcase classname="org.tekarchapi.restAssured.pojo.CRUDUsingPOJO" name="getUserData" time="7.763"/>
  <testcase classname="org.tekarchapi.restAssured.pojo.CRUDUsingPOJO" name="addUserData" time="2.539"/>
  <testcase classname="org.tekarchapi.restAssured.pojo.CRUDUsingPOJO" name="getUserDataAfterAdd" time="14.013"/>
  <testcase classname="org.tekarchapi.restAssured.pojo.CRUDUsingPOJO" name="updateUserData" time="5.995"/>
  <testcase classname="org.tekarchapi.restAssured.pojo.CRUDUsingPOJO" name="getUserDataAfterUpd" time="9.507"/>
  <testcase classname="org.tekarchapi.restAssured.pojo.CRUDUsingPOJO" name="deleteUserData" time="2.376"/>
  <testcase classname="org.tekarchapi.restAssured.pojo.CRUDUsingPOJO" name="getUserDataAfterDel" time="9.487"/>
</testsuite> <!-- Default test -->
